nohup: ignoring input
[11:28:29] lib loaded. WORK=/mnt/work
##################### T1 v5 全模式回归 (2GB 大文件) #####################
[11:28:29] mkfs /dev/vdb1 (opts: -b4096 -N 262144)
[11:28:34] writing 2GB bigfile...
[11:28:48] bigfile inode=12 extents=6
[11:28:48] rm bigfile...
[11:28:48] >>> v5 --normal on /dev/vdb1 ...
[11:28:59] stats:
[INFO] Total files recovered: 0
[INFO]   Journal recovered: 0
[INFO]   Orphan recovered: 0
[INFO]   Aggressive recovered: 0
[INFO] Files failed: 2
[11:28:59] verify --normal:
  OK   ino=12 md5=5706f3cf807105072890a585ef49c438
RESULT: 1/1

[11:29:02] >>> v5 --journal on /dev/vdb1 ...
[11:29:29] stats:
[INFO] Journal recovered inode 12 (multi-level depth=1): 524288 blocks (427819008 bytes) -> /mnt/work/recover_out/t1_v5_modes_journal/bigfile
[INFO] Journal recovered inode 12 (multi-level depth=1): 524288 blocks (2147483648 bytes) -> /mnt/work/recover_out/t1_v5_modes_journal/bigfile
[INFO] Total files recovered: 0
[INFO]   Journal recovered: 2
[INFO]   Orphan recovered: 0
[11:29:29] verify --journal:
  MISS ino=12
RESULT: 0/1

[11:29:29] >>> v5 --orphan on /dev/vdb1 ...
[11:29:29] stats:
[INFO] Total files recovered: 0
[INFO]   Journal recovered: 0
[INFO]   Orphan recovered: 0
[INFO]   Aggressive recovered: 0
[INFO] Files failed: 0
[11:29:29] verify --orphan:
  MISS ino=12
RESULT: 0/1

[11:29:29] >>> v5 --aggressive on /dev/vdb1 ...
/mnt/work/testfw/t1.sh: line 56: 213560 Killed                  sudo "$V5" --$MODE --dir "$RDIR" "$DEV" > /tmp/v5_$MODE.out 2>&1
[12:04:45] stats:
[12:04:45] verify --aggressive:
  MISS ino=12
RESULT: 0/1

[12:04:45] >>> v5 --all on /dev/vdb1 ...
