nohup: ignoring input
[12:11:17] lib loaded. WORK=/mnt/work
##################### T2 v5 journal 救单级extent小文件 #####################
[12:11:17] mkfs /dev/vdb6 (opts: -b4096)
[12:11:21] step1: writing 10 small files (different sizes)
[12:11:21]   f4k ino=12582914 size=4KB extents=1
[12:11:21]   f16k ino=12582915 size=16KB extents=1
[12:11:21]   f64k ino=12582916 size=64KB extents=1
[12:11:21]   f100k ino=12582917 size=100KB extents=1
[12:11:21]   f200k ino=12582918 size=200KB extents=1
[12:11:21]   f256k ino=12582919 size=256KB extents=1
[12:11:21]   f500k ino=12582920 size=500KB extents=1
[12:11:21]   f1024k ino=12582921 size=1024KB extents=1
[12:11:22]   f2048k ino=12582922 size=2048KB extents=1
[12:11:22]   f4096k ino=12582923 size=4096KB extents=1
[12:11:22] step2: rm small files (single-extent: inode-internal extent will be zeroed)
[12:11:22] >>> A) ORIG ext4recover (expected: 0/10 - kernel semantic) ...
Recover success!
[12:11:41] ORIG verify:
  MISS ino=12582914 name=f4k
  MISS ino=12582915 name=f16k
  MISS ino=12582916 name=f64k
  MISS ino=12582917 name=f100k
  MISS ino=12582918 name=f200k
  MISS ino=12582919 name=f256k
  MISS ino=12582920 name=f500k
  MISS ino=12582921 name=f1024k
  MISS ino=12582922 name=f2048k
  MISS ino=12582923 name=f4096k
RESULT: 0/10
[12:11:41] >>> B) v5 --normal (expected: 0/10) ...
[INFO] Total files recovered: 0
[INFO]   Journal recovered: 0
[INFO]   Orphan recovered: 0
[INFO]   Aggressive recovered: 0
[INFO] Files failed: 10
[12:12:01] v5 --normal verify:
  MISS ino=12582914 name=f4k
  MISS ino=12582915 name=f16k
  MISS ino=12582916 name=f64k
  MISS ino=12582917 name=f100k
  MISS ino=12582918 name=f200k
  MISS ino=12582919 name=f256k
  MISS ino=12582920 name=f500k
  MISS ino=12582921 name=f1024k
  MISS ino=12582922 name=f2048k
  MISS ino=12582923 name=f4096k
RESULT: 0/10
[12:12:01] >>> C) v5 --journal (expected: BREAKTHROUGH - recover from journal) ...
[INFO] Scanned 257000 / 262144 journal blocks...
[INFO] Scanned 258000 / 262144 journal blocks...
[INFO] Scanned 259000 / 262144 journal blocks...
[INFO] Scanned 260000 / 262144 journal blocks...
[INFO] Scanned 261000 / 262144 journal blocks...
[INFO] Scanned 262000 / 262144 journal blocks...
[INFO] Journal scan complete. Recovered 10 files from journal.
[INFO] === Recovery Statistics ===
[INFO] Total files recovered: 0
[INFO]   Journal recovered: 10
[INFO]   Orphan recovered: 0
[INFO]   Aggressive recovered: 0
[INFO] Files failed: 0
[INFO] Filename mappings: 12
[INFO] Recovery complete!
[12:12:06] v5 --journal verify:
  OK   ino=12582914 name=f4k md5=5e33f70f44fb3ae13ae9913b6616ea73
  OK   ino=12582915 name=f16k md5=57a1457cd31a0c5c6385da838582bbd6
  OK   ino=12582916 name=f64k md5=9f054f3d9d540bf2d624f9cd05cd6bcd
  OK   ino=12582917 name=f100k md5=5ad46a2a037f9e64c16fcacd15f26400
  OK   ino=12582918 name=f200k md5=eaeeac4cec00b239313bda66bc1a8c9f
  OK   ino=12582919 name=f256k md5=a5e78b262ba1655fe0b88722a3848b89
  OK   ino=12582920 name=f500k md5=925c2dcc8d3a040fdb546eac3db3dd64
  OK   ino=12582921 name=f1024k md5=b278e755538af1c5c3aa267889a811ee
  OK   ino=12582922 name=f2048k md5=5017d4db30c4e28fd7faa9efa85550f1
  OK   ino=12582923 name=f4096k md5=f675919ce6c0943b03609b45b258c845
RESULT: 10/10
##################### T2 DONE #####################
