nohup: ignoring input
[15:09:40] lib loaded (v2). WORK=/mnt/work
[15:09:40] mkfs /dev/vdb6 (opts: -b4096)
[15:09:45] rm sf
[15:09:45] >>> ext4recover_v5.bin.before_normal_fix_20260602_110302 --journal
[INFO] Filename map: 12 entries found
[INFO] Journal recovered inode 9699330: 1 blocks (4096 bytes) -> /mnt/work/recover_out/t2cmp_ext4recover_v5.bin.before_normal_fix_20260602_110302/f4k
[INFO] Journal recovered inode 9699331: 4 blocks (16384 bytes) -> /mnt/work/recover_out/t2cmp_ext4recover_v5.bin.before_normal_fix_20260602_110302/f16k
[INFO] Journal scan complete. Recovered 2 files from journal.
[INFO] Total files recovered: 0
[INFO]   Journal recovered: 2
[INFO] Filename mappings: 12
  recovered files in /mnt/work/recover_out/t2cmp_ext4recover_v5.bin.before_normal_fix_20260602_110302:
total 28
drwxrwxr-x  2 ubuntu ubuntu  4096 Jun  2 15:09 .
drwxrwxr-x 34 ubuntu ubuntu  4096 Jun  2 15:09 ..
-rw-r-----  1 root   root   16384 Jun  2 15:09 f16k
-rw-r-----  1 root   root    4096 Jun  2 15:09 f4k
[15:09:50] >>> verify ext4recover_v5.bin.before_normal_fix_20260602_110302
  OK   ino=9699330 size=4096 f4k  -> f4k
  OK   ino=9699331 size=16384 f16k  -> f16k
  MISS ino=9699332 size=65536 f64k
  MISS ino=9699333 size=102400 f100k
  MISS ino=9699334 size=204800 f200k
  MISS ino=9699335 size=262144 f256k
  MISS ino=9699336 size=512000 f500k
  MISS ino=9699337 size=1048576 f1024k
  MISS ino=9699338 size=2097152 f2048k
  MISS ino=9699339 size=4194304 f4096k
RESULT: 2/10 recovered (md5 match after size-trunc)

[15:09:50] >>> ext4recover_v5 --journal
[INFO] Filename map: 12 entries found
[INFO] Journal recovered inode 9699330: 1 blocks (4096 bytes) -> /mnt/work/recover_out/t2cmp_ext4recover_v5/f4k
[INFO] Journal recovered inode 9699331: 4 blocks (16384 bytes) -> /mnt/work/recover_out/t2cmp_ext4recover_v5/f16k
[INFO] Journal scan complete. Recovered 2 files from journal.
[INFO] Total files recovered: 0
[INFO]   Journal recovered: 2
[INFO] Filename mappings: 12
  recovered files in /mnt/work/recover_out/t2cmp_ext4recover_v5:
total 28
drwxrwxr-x  2 ubuntu ubuntu  4096 Jun  2 15:09 .
drwxrwxr-x 35 ubuntu ubuntu  4096 Jun  2 15:09 ..
-rw-r-----  1 root   root   16384 Jun  2 15:09 f16k
-rw-r-----  1 root   root    4096 Jun  2 15:09 f4k
[15:09:55] >>> verify ext4recover_v5
  OK   ino=9699330 size=4096 f4k  -> f4k
  OK   ino=9699331 size=16384 f16k  -> f16k
  MISS ino=9699332 size=65536 f64k
  MISS ino=9699333 size=102400 f100k
  MISS ino=9699334 size=204800 f200k
  MISS ino=9699335 size=262144 f256k
  MISS ino=9699336 size=512000 f500k
  MISS ino=9699337 size=1048576 f1024k
  MISS ino=9699338 size=2097152 f2048k
  MISS ino=9699339 size=4194304 f4096k
RESULT: 2/10 recovered (md5 match after size-trunc)

