nohup: ignoring input
[09:44:16] lib loaded (v2). WORK=/mnt/work
##################### T2 v5 journal 救单级extent小文件 #####################
[09:44:16] mkfs /dev/vdb6 (opts: -b4096)
[09:44:24] step1: writing 10 small files (different sizes)
[09:44:25]   f4k ino=18350082 size=4KB extents=1
stat: cannot statx '/mnt/target/sf/f16k': No such file or directory
stat: cannot statx '/mnt/target/sf/f16k': No such file or directory
md5sum: /mnt/target/sf/f16k: No such file or directory
stat: cannot statx '/mnt/target/sf/f16k': No such file or directory
[09:44:25]   f16k ino= size=16KB extents=
dd: failed to open '/mnt/target/sf/f64k': No such file or directory
stat: cannot statx '/mnt/target/sf/f64k': No such file or directory
stat: cannot statx '/mnt/target/sf/f64k': No such file or directory
md5sum: /mnt/target/sf/f64k: No such file or directory
stat: cannot statx '/mnt/target/sf/f64k': No such file or directory
[09:44:25]   f64k ino= size=64KB extents=
dd: failed to open '/mnt/target/sf/f100k': No such file or directory
stat: cannot statx '/mnt/target/sf/f100k': No such file or directory
stat: cannot statx '/mnt/target/sf/f100k': No such file or directory
md5sum: /mnt/target/sf/f100k: No such file or directory
stat: cannot statx '/mnt/target/sf/f100k': No such file or directory
[09:44:25]   f100k ino= size=100KB extents=
dd: failed to open '/mnt/target/sf/f200k': No such file or directory
stat: cannot statx '/mnt/target/sf/f200k': No such file or directory
stat: cannot statx '/mnt/target/sf/f200k': No such file or directory
md5sum: /mnt/target/sf/f200k: No such file or directory
stat: cannot statx '/mnt/target/sf/f200k': No such file or directory
[09:44:26]   f200k ino= size=200KB extents=
dd: failed to open '/mnt/target/sf/f256k': No such file or directory
stat: cannot statx '/mnt/target/sf/f256k': No such file or directory
stat: cannot statx '/mnt/target/sf/f256k': No such file or directory
md5sum: /mnt/target/sf/f256k: No such file or directory
stat: cannot statx '/mnt/target/sf/f256k': No such file or directory
[09:44:33]   f256k ino= size=256KB extents=
dd: failed to open '/mnt/target/sf/f500k': No such file or directory
stat: cannot statx '/mnt/target/sf/f500k': No such file or directory
stat: cannot statx '/mnt/target/sf/f500k': No such file or directory
md5sum: /mnt/target/sf/f500k: No such file or directory
stat: cannot statx '/mnt/target/sf/f500k': No such file or directory
[09:44:33]   f500k ino= size=500KB extents=
dd: failed to open '/mnt/target/sf/f1024k': No such file or directory
stat: cannot statx '/mnt/target/sf/f1024k': No such file or directory
stat: cannot statx '/mnt/target/sf/f1024k': No such file or directory
md5sum: /mnt/target/sf/f1024k: No such file or directory
stat: cannot statx '/mnt/target/sf/f1024k': No such file or directory
[09:44:33]   f1024k ino= size=1024KB extents=
dd: failed to open '/mnt/target/sf/f2048k': No such file or directory
stat: cannot statx '/mnt/target/sf/f2048k': No such file or directory
stat: cannot statx '/mnt/target/sf/f2048k': No such file or directory
md5sum: /mnt/target/sf/f2048k: No such file or directory
stat: cannot statx '/mnt/target/sf/f2048k': No such file or directory
[09:44:33]   f2048k ino= size=2048KB extents=
dd: failed to open '/mnt/target/sf/f4096k': No such file or directory
stat: cannot statx '/mnt/target/sf/f4096k': No such file or directory
stat: cannot statx '/mnt/target/sf/f4096k': No such file or directory
md5sum: /mnt/target/sf/f4096k: No such file or directory
stat: cannot statx '/mnt/target/sf/f4096k': No such file or directory
[09:44:33]   f4096k ino= size=4096KB extents=
[09:44:33] step2: rm small files (single-extent: inode-internal extent will be zeroed)
[09:44:33] >>> A) ORIG ext4recover (expected: 0/10 - kernel semantic) ...
Recover success!
[09:45:18] ORIG verify:
  MISS ino=18350082 name=f4k
  MISS ino= name=f16k
  MISS ino= name=f64k
  MISS ino= name=f100k
  MISS ino= name=f200k
  MISS ino= name=f256k
  MISS ino= name=f500k
  MISS ino= name=f1024k
  MISS ino= name=f2048k
  MISS ino= name=f4096k
RESULT: 0/10
[09:45:18] >>> B) v5 --normal (expected: 0/10) ...
[INFO] Total files recovered: 0
[INFO]   Journal recovered: 0
[INFO]   Orphan recovered: 0
[INFO]   Aggressive recovered: 0
[INFO] Files failed: 1
[09:45:27] v5 --normal verify:
  MISS ino=18350082 name=f4k
  MISS ino= name=f16k
  MISS ino= name=f64k
  MISS ino= name=f100k
  MISS ino= name=f200k
  MISS ino= name=f256k
  MISS ino= name=f500k
  MISS ino= name=f1024k
  MISS ino= name=f2048k
  MISS ino= name=f4096k
RESULT: 0/10
[09:45:27] >>> C) v5 --journal (expected: BREAKTHROUGH - recover from journal) ...
[INFO] Scanned 258000 / 262144 journal blocks...
[INFO] Scanned 259000 / 262144 journal blocks...
[INFO] Scanned 260000 / 262144 journal blocks...
[INFO] Scanned 261000 / 262144 journal blocks...
[INFO] Scanned 262000 / 262144 journal blocks...
[INFO] Journal scan complete. Recovered 0 files from journal.
[INFO] === Recovery Statistics ===
[INFO] Total files recovered: 0
[INFO]   Journal recovered: 0
[INFO]   Orphan recovered: 0
[INFO]   Aggressive recovered: 0
[INFO] Files failed: 0
[INFO] Filename mappings: 4
[INFO] Dedup intervals: 0 distinct extents, 0 blocks total; 0 writes skipped (0 blocks)
[INFO] Recovery complete!
[09:45:35] v5 --journal verify:
  MISS ino=18350082 name=f4k
  MISS ino= name=f16k
  MISS ino= name=f64k
  MISS ino= name=f100k
  MISS ino= name=f200k
  MISS ino= name=f256k
  MISS ino= name=f500k
  MISS ino= name=f1024k
  MISS ino= name=f2048k
  MISS ino= name=f4096k
RESULT: 0/10
##################### T2 DONE #####################
