nohup: ignoring input
[12:54:36] lib loaded. WORK=/mnt/work
##################### T6 bigalloc cluster=64K #####################
[12:54:36] mkfs /dev/vdb5 with bigalloc cluster_size=64K
[12:54:40] fs features:
Filesystem features:      has_journal ext_attr resize_inode dir_index filetype needs_recovery extent 64bit flex_bg sparse_super large_file huge_file dir_nlink extra_isize bigalloc metadata_csum
Block size:               4096
Cluster size:             65536
[12:54:40] step1: write 100MB big file
[12:54:40]   bigfile ino=12 extents=2
[12:54:40] step2: write 5 small files 200KB each
[12:54:41] step3: rm all
[12:54:41] >>> v5 --normal on bigalloc fs ...
[INFO] ext4recover v0.5 starting
[INFO] Bigalloc detected: cluster_ratio=16 (cluster_size=65536, block_size=4096)
[INFO] Total files recovered: 0
[INFO]   Journal recovered: 0
[INFO]   Orphan recovered: 0
[INFO]   Aggressive recovered: 0
[INFO] Files failed: 6
[INFO] Bigalloc: cluster_ratio=16
[12:54:50] verify --normal:
  FAIL ino=12 orig=904960c512768d67760fcf8cdab4be82 got=d41d8cd98f00b204e9800998ecf8427e
  MISS ino=1048578 name=f1
  MISS ino=1048579 name=f2
  MISS ino=1048580 name=f3
  MISS ino=1048581 name=f4
  MISS ino=1048582 name=f5
RESULT: 0/6

[12:54:50] >>> v5 --journal on bigalloc fs ...
[INFO] ext4recover v0.5 starting
[INFO] Bigalloc detected: cluster_ratio=16 (cluster_size=65536, block_size=4096)
[INFO] Starting journal recovery scan...
[INFO] Journal recovered inode 12: 25600 blocks (104857600 bytes) -> /mnt/work/recover_out/t6_bigalloc_v5journal/bigfile
[INFO] Journal recovered inode 1048578: 50 blocks (204800 bytes) -> /mnt/work/recover_out/t6_bigalloc_v5journal/f1
[INFO] Journal recovered inode 1048579: 50 blocks (204800 bytes) -> /mnt/work/recover_out/t6_bigalloc_v5journal/f2
[INFO] Journal recovered inode 1048580: 50 blocks (204800 bytes) -> /mnt/work/recover_out/t6_bigalloc_v5journal/f3
[INFO] Journal recovered inode 1048581: 50 blocks (204800 bytes) -> /mnt/work/recover_out/t6_bigalloc_v5journal/f4
[INFO] Journal recovered inode 1048582: 50 blocks (204800 bytes) -> /mnt/work/recover_out/t6_bigalloc_v5journal/f5
[INFO] Total files recovered: 0
[12:54:55] verify --journal:
  OK   ino=12 name=bigfile md5=904960c512768d67760fcf8cdab4be82
  OK   ino=1048578 name=f1 md5=cd61a0bb02d7b0bce809314f679f90bd
  OK   ino=1048579 name=f2 md5=1c03e027c0a27d6ea3b4381e24e2af52
  OK   ino=1048580 name=f3 md5=a38e5f06e49f39af0a442b2b80d0ce71
  OK   ino=1048581 name=f4 md5=413f0a709f4eac1e6d0ab5a90eda6628
  OK   ino=1048582 name=f5 md5=9d28ec4679a04f752b2d46a97a6335cf
RESULT: 6/6

[12:54:55] >>> v5 --all on bigalloc fs ...
[INFO] ext4recover v0.5 starting
[INFO] Bigalloc detected: cluster_ratio=16 (cluster_size=65536, block_size=4096)
[INFO] Starting journal recovery scan...
[INFO] Journal recovered inode 12: 25600 blocks (104857600 bytes) -> /mnt/work/recover_out/t6_bigalloc_v5all/bigfile
[INFO] Journal recovered inode 1048578: 50 blocks (204800 bytes) -> /mnt/work/recover_out/t6_bigalloc_v5all/f1
[INFO] Journal recovered inode 1048579: 50 blocks (204800 bytes) -> /mnt/work/recover_out/t6_bigalloc_v5all/f2
[INFO] Journal recovered inode 1048580: 50 blocks (204800 bytes) -> /mnt/work/recover_out/t6_bigalloc_v5all/f3
[INFO] Journal recovered inode 1048581: 50 blocks (204800 bytes) -> /mnt/work/recover_out/t6_bigalloc_v5all/f4
[INFO] Journal recovered inode 1048582: 50 blocks (204800 bytes) -> /mnt/work/recover_out/t6_bigalloc_v5all/f5
[12:56:56] verify --all:
  OK   ino=12 name=bigfile md5=904960c512768d67760fcf8cdab4be82
  OK   ino=1048578 name=f1 md5=cd61a0bb02d7b0bce809314f679f90bd
  OK   ino=1048579 name=f2 md5=1c03e027c0a27d6ea3b4381e24e2af52
  OK   ino=1048580 name=f3 md5=a38e5f06e49f39af0a442b2b80d0ce71
  OK   ino=1048581 name=f4 md5=413f0a709f4eac1e6d0ab5a90eda6628
  OK   ino=1048582 name=f5 md5=9d28ec4679a04f752b2d46a97a6335cf
RESULT: 6/6

##################### T6 DONE #####################
