nohup: ignoring input
[10:30:15] lib loaded (v2). WORK=/mnt/work
expected md5: /mnt/target/bigfile

== dedup_v1 ==
[INFO] Total files recovered: 1
[INFO]   Journal recovered: 0
[INFO]   Orphan recovered: 0
[INFO]   Aggressive recovered: 0
[INFO] Files failed: 1
[INFO] Filename mappings: 1
[INFO] Dedup intervals: 6 distinct extents, 524288 blocks total; 0 writes skipped (0 blocks)
[INFO] Recovery complete!
  binary=dedup_v1     time=10.59s  recovered_size=2147483648  md5=35bdbe9dc58529c5081526d61aa38022  match=NO

== audit_v1 ==
[INFO] Total files recovered: 1
[INFO]   Journal recovered: 0
[INFO]   Orphan recovered: 0
[INFO]   Aggressive recovered: 0
[INFO] Files failed: 1
[INFO] Filename mappings: 1
[INFO] Dedup intervals: 6 distinct extents, 524288 blocks total; 0 writes skipped (0 blocks)
[INFO] Recovery complete!
  binary=audit_v1     time=17.70s  recovered_size=2147483648  md5=35bdbe9dc58529c5081526d61aa38022  match=NO
