nohup: ignoring input
[15:26:41] lib loaded (v2). WORK=/mnt/work
##################### T-DEDUP-1: --all dedup #####################
[15:26:41] mkfs /dev/vdb1 (opts: -b4096)
[15:26:45] step1: write 600MB random file
filefrag:
Filesystem type is: ef53
File size of /mnt/target/big is 629145600 (153600 blocks of 4096 bytes)
 ext:     logical_offset:        physical_offset: length:   expected: flags:
   0:        0..   63487:      34816..     98303:  63488:            
   1:    63488..  126975:     100352..    163839:  63488:      98304:
   2:   126976..  153599:     165888..    192511:  26624:     163840: last,eof
/mnt/target/big: 3 extents found
[15:26:49] step2: rm + sync
[15:26:49] >>> v5 --normal --journal (combined dedup test)
[INFO] Journal recovered inode 12 (multi-level depth=1): 153600 blocks (629145600 bytes) -> /mnt/work/recover_out/tdedup1/big
[INFO] Total files recovered: 0
[INFO]   Journal recovered: 1
[INFO] Files failed: 0
[INFO] Dedup intervals: 3 distinct extents, 153600 blocks total; 0 writes skipped (0 blocks)
[INFO] Recovery complete!

[15:26:57] products in /mnt/work/recover_out/tdedup1:
total 614408
drwxrwxr-x  2 ubuntu ubuntu      4096 Jun  2 15:26 .
drwxrwxr-x 36 ubuntu ubuntu      4096 Jun  2 15:26 ..
-rw-r-----  1 root   root   629145600 Jun  2 15:26 big

[15:26:57] verify md5
  OK   ino=12 size=629145600 big  -> big
RESULT: 1/1 recovered (md5 match after size-trunc)
